<?xml version="1.0" encoding="UTF-8" standalone="no"?>
<window xmlns="http://schemas.haulmont.com/cuba/screen/window.xsd"
        caption="msg://testScreen.caption"
        messagesPack="com.company.enclinic.web.screens">
    <layout>
    </layout>
</window>